<?xml version="1.0" encoding="UTF-8"?>
<!-- Generated by org.testng.reporters.JUnitXMLReporter -->
<testsuite ignored="25" hostname="DESKTOP-97RKGO1" failures="2" tests="33" name="Command line test" time="1.75" errors="0" timestamp="2022-01-06T22:30:46 MSK">
  <testcase classname="CalcSubTest" name="invocationTest" time="0.009"/>
  <testcase classname="CalcSubTest" name="invocationTest" time="0.001"/>
  <testcase classname="CalcSubTest" name="invocationTest" time="0.0"/>
  <testcase classname="CalcSubTest" name="invocationTest" time="0.001"/>
  <testcase classname="CalcSubTest" name="invocationTest" time="0.001"/>
  <testcase classname="CalcTest" name="invocationTest" time="0.251"/>
  <testcase classname="CalcTest" name="invocationTest" time="0.253"/>
  <testcase classname="CalcTest" name="invocationTest" time="0.251"/>
  <testcase classname="CalcTest" name="invocationTest" time="0.25"/>
  <testcase classname="CalcTest" name="invocationTest" time="0.251"/>
  <testcase classname="CalcTest" name="invocationTest" time="0.252"/>
  <testcase classname="DependencyTest" name="cbaTest" time="0.001"/>
  <testcase classname="DependencyTest" name="abcTest" time="0.002">
    <failure type="java.lang.AssertionError" message="null">
      <![CDATA[java.lang.AssertionError: null
at DependencyTest.abcTest(DependencyTest.java:9)
at java.base/java.util.ArrayList.forEach(ArrayList.java:1511)
... Removed 39 stack frames]]>
    </failure>
  </testcase> <!-- abcTest -->
  <testcase classname="DependencyTest" name="bacTest" time="0.0"/>
  <testcase classname="CalcSubTest" name="invocationTest1" time="0.001"/>
  <testcase classname="CalcSubTest" name="invocationTest1" time="0.0"/>
  <testcase classname="CalcSubTest" name="invocationTest1" time="0.001"/>
  <testcase classname="CalcSubTest" name="invocationTest1" time="0.0"/>
  <testcase classname="CalcDivTest" name="testAE" time="0.001"/>
  <testcase classname="CalcDivTest" name="testDiv" time="0.001"/>
  <testcase classname="ExeptionTest" name="testNPE" time="0.0"/>
  <testcase classname="GroupsTest" name="regressionTest" time="0.001"/>
  <testcase classname="GroupsTest" name="sanityTest" time="0.002"/>
  <testcase classname="GroupsTest" name="smokeTest" time="0.0"/>
  <testcase classname="ParamTest" name="paramTest" time="0.001"/>
  <testcase classname="PriorityTest" name="cbaTest" time="0.001"/>
  <testcase classname="PriorityTest" name="abcTest" time="0.0"/>
  <testcase classname="PriorityTest" name="bacTest" time="0.001"/>
  <testcase classname="RetryTest" name="flakyTest" time="0.001">
    <skipped/>
  </testcase> <!-- flakyTest -->
  <testcase classname="RetryTest" name="flakyTest" time="0.0">
    <skipped/>
  </testcase> <!-- flakyTest -->
  <testcase classname="RetryTest" name="flakyTest" time="0.002">
    <skipped/>
  </testcase> <!-- flakyTest -->
  <testcase classname="RetryTest" name="flakyTest" time="0.0"/>
  <testcase classname="TimeOutTest" name="timeOutTest" time="1.009">
    <failure type="org.testng.internal.thread.ThreadTimeoutException" message="Method TimeOutTest.timeOutTest() didn&amp;apos;t finish within the time-out 1000">
      <![CDATA[org.testng.internal.thread.ThreadTimeoutException: Method TimeOutTest.timeOutTest() didn't finish within the time-out 1000
at java.base/java.util.ArrayList.forEach(ArrayList.java:1511)
... Removed 34 stack frames]]>
    </failure>
  </testcase> <!-- timeOutTest -->
  <testcase classname="BaseTest" name="@BeforeTest beforeTest" time="0.0">
    <ignored/>
  </testcase> <!-- @BeforeTest beforeTest -->
  <testcase classname="BaseTest" name="@BeforeTest beforeTest" time="0.0">
    <ignored/>
  </testcase> <!-- @BeforeTest beforeTest -->
  <testcase classname="BaseTest" name="@BeforeTest beforeTest" time="0.0">
    <ignored/>
  </testcase> <!-- @BeforeTest beforeTest -->
  <testcase classname="BaseTest" name="@BeforeTest beforeTest" time="0.0">
    <ignored/>
  </testcase> <!-- @BeforeTest beforeTest -->
  <testcase classname="BaseTest" name="@BeforeTest beforeTest" time="0.0">
    <ignored/>
  </testcase> <!-- @BeforeTest beforeTest -->
  <testcase classname="BaseTest" name="@BeforeTest beforeTest" time="0.0">
    <ignored/>
  </testcase> <!-- @BeforeTest beforeTest -->
  <testcase classname="BaseTest" name="@AfterTest afterTest" time="0.0">
    <ignored/>
  </testcase> <!-- @AfterTest afterTest -->
  <testcase classname="BaseTest" name="@AfterTest afterTest" time="0.0">
    <ignored/>
  </testcase> <!-- @AfterTest afterTest -->
  <testcase classname="BaseTest" name="@AfterTest afterTest" time="0.0">
    <ignored/>
  </testcase> <!-- @AfterTest afterTest -->
  <testcase classname="BaseTest" name="@AfterTest afterTest" time="0.0">
    <ignored/>
  </testcase> <!-- @AfterTest afterTest -->
  <testcase classname="BaseTest" name="@AfterTest afterTest" time="0.0">
    <ignored/>
  </testcase> <!-- @AfterTest afterTest -->
  <testcase classname="BaseTest" name="@AfterTest afterTest" time="0.0">
    <ignored/>
  </testcase> <!-- @AfterTest afterTest -->
  <testcase classname="CalcTest" name="testSum" time="0.0">
    <ignored/>
  </testcase> <!-- testSum -->
  <testcase classname="BaseTest" name="@AfterSuite afterSuite" time="0.0">
    <ignored/>
  </testcase> <!-- @AfterSuite afterSuite -->
  <testcase classname="BaseTest" name="@AfterSuite afterSuite" time="0.0">
    <ignored/>
  </testcase> <!-- @AfterSuite afterSuite -->
  <testcase classname="BaseTest" name="@AfterSuite afterSuite" time="0.0">
    <ignored/>
  </testcase> <!-- @AfterSuite afterSuite -->
  <testcase classname="BaseTest" name="@AfterSuite afterSuite" time="0.0">
    <ignored/>
  </testcase> <!-- @AfterSuite afterSuite -->
  <testcase classname="BaseTest" name="@AfterSuite afterSuite" time="0.0">
    <ignored/>
  </testcase> <!-- @AfterSuite afterSuite -->
  <testcase classname="BaseTest" name="@AfterSuite afterSuite" time="0.0">
    <ignored/>
  </testcase> <!-- @AfterSuite afterSuite -->
  <testcase classname="BaseTest" name="@BeforeSuite beforeSuite" time="0.0">
    <ignored/>
  </testcase> <!-- @BeforeSuite beforeSuite -->
  <testcase classname="BaseTest" name="@BeforeSuite beforeSuite" time="0.0">
    <ignored/>
  </testcase> <!-- @BeforeSuite beforeSuite -->
  <testcase classname="BaseTest" name="@BeforeSuite beforeSuite" time="0.0">
    <ignored/>
  </testcase> <!-- @BeforeSuite beforeSuite -->
  <testcase classname="BaseTest" name="@BeforeSuite beforeSuite" time="0.0">
    <ignored/>
  </testcase> <!-- @BeforeSuite beforeSuite -->
  <testcase classname="BaseTest" name="@BeforeSuite beforeSuite" time="0.0">
    <ignored/>
  </testcase> <!-- @BeforeSuite beforeSuite -->
  <testcase classname="BaseTest" name="@BeforeSuite beforeSuite" time="0.0">
    <ignored/>
  </testcase> <!-- @BeforeSuite beforeSuite -->
</testsuite> <!-- Command line test -->
