<?xml version="1.0" encoding="UTF-8" ?>
<testsuite tests="33" failures="2" name="TestSuite" time="2.552" errors="0" skipped="3">
  <properties>
[...]
</properties>
  <testcase classname="CalcSubTest" name="invocationTest" time="0.019"/>
  <testcase classname="CalcSubTest" name="invocationTest" time="0"/>
  <testcase classname="CalcSubTest" name="invocationTest" time="0"/>
  <testcase classname="CalcSubTest" name="invocationTest" time="0"/>
  <testcase classname="CalcSubTest" name="invocationTest" time="0"/>
  <testcase classname="CalcTest" name="invocationTest" time="0.248"/>
  <testcase classname="CalcTest" name="invocationTest" time="0.25"/>
  <testcase classname="CalcTest" name="invocationTest" time="0.251"/>
  <testcase classname="CalcTest" name="invocationTest" time="0.249"/>
  <testcase classname="CalcTest" name="invocationTest" time="0.25"/>
  <testcase classname="CalcTest" name="invocationTest" time="0.25"/>
  <testcase classname="DependencyTest" name="cbaTest" time="0"/>
  <testcase classname="DependencyTest" name="abcTest" time="0.01">
    <failure type="java.lang.AssertionError:">java.lang.AssertionError: null
	at org.testng.Assert.fail(Assert.java:97)
	at org.testng.Assert.fail(Assert.java:102)
	at DependencyTest.abcTest(DependencyTest.java:9)
</failure>
    <system-out>DependencyTest -&gt; absTest
=======================
Screenshot has been captured
=======================
</system-out>
  </testcase>
  <testcase classname="DependencyTest" name="bacTest" time="0.001"/>
  <testcase classname="CalcSubTest" name="invocationTest1" time="0"/>
  <testcase classname="CalcSubTest" name="invocationTest1" time="0"/>
  <testcase classname="CalcSubTest" name="invocationTest1" time="0"/>
  <testcase classname="CalcSubTest" name="invocationTest1" time="0.001"/>
  <testcase classname="CalcDivTest" name="testAE" time="0.001"/>
  <testcase classname="CalcDivTest" name="testDiv" time="0.001"/>
  <testcase classname="ExeptionTest" name="testNPE" time="0.001"/>
  <testcase classname="GroupsTest" name="regressionTest" time="0"/>
  <testcase classname="GroupsTest" name="sanityTest" time="0"/>
  <testcase classname="GroupsTest" name="smokeTest" time="0.001"/>
  <testcase classname="ParamTest" name="paramTest" time="0.002"/>
  <testcase classname="PriorityTest" name="cbaTest" time="0.001"/>
  <testcase classname="PriorityTest" name="abcTest" time="0.001"/>
  <testcase classname="PriorityTest" name="bacTest" time="0"/>
  <testcase classname="RetryTest" name="flakyTest" time="0.002">
    <skipped/>
    <system-out>2
Retrying one more time.
</system-out>
  </testcase>
  <testcase classname="RetryTest" name="flakyTest" time="0">
    <skipped/>
    <system-out>3
Retrying one more time.
</system-out>
  </testcase>
  <testcase classname="RetryTest" name="flakyTest" time="0.001">
    <skipped/>
    <system-out>4
Retrying one more time.
</system-out>
  </testcase>
  <testcase classname="RetryTest" name="flakyTest" time="0"/>
  <testcase classname="TimeOutTest" name="timeOutTest" time="1.012">
    <failure message="Method TimeOutTest.timeOutTest() didn&apos;t finish within the time-out 1000" type="org.testng.internal.thread.ThreadTimeoutException">org.testng.internal.thread.ThreadTimeoutException: Method TimeOutTest.timeOutTest() didn&apos;t finish within the time-out 1000
	at org.testng.internal.MethodInvocationHelper.invokeWithTimeoutWithNewExecutor(MethodInvocationHelper.java:367)
	at org.testng.internal.MethodInvocationHelper.invokeWithTimeout(MethodInvocationHelper.java:282)
	at org.testng.internal.TestInvoker.invokeMethod(TestInvoker.java:603)
	at org.testng.internal.TestInvoker.invokeTestMethod(TestInvoker.java:173)
	at org.testng.internal.MethodRunner.runInSequence(MethodRunner.java:46)
	at org.testng.internal.TestInvoker$MethodInvocationAgent.invoke(TestInvoker.java:816)
	at org.testng.internal.TestInvoker.invokeTestMethods(TestInvoker.java:146)
	at org.testng.internal.TestMethodWorker.invokeTestMethods(TestMethodWorker.java:146)
	at org.testng.internal.TestMethodWorker.run(TestMethodWorker.java:128)
	at java.base/java.util.ArrayList.forEach(ArrayList.java:1511)
	at org.testng.TestRunner.privateRun(TestRunner.java:766)
	at org.testng.TestRunner.run(TestRunner.java:587)
	at org.testng.SuiteRunner.runTest(SuiteRunner.java:384)
	at org.testng.SuiteRunner.runSequentially(SuiteRunner.java:378)
	at org.testng.SuiteRunner.privateRun(SuiteRunner.java:337)
	at org.testng.SuiteRunner.run(SuiteRunner.java:286)
	at org.testng.SuiteRunnerWorker.runSuite(SuiteRunnerWorker.java:53)
	at org.testng.SuiteRunnerWorker.run(SuiteRunnerWorker.java:96)
	at org.testng.TestNG.runSuitesSequentially(TestNG.java:1187)
	at org.testng.TestNG.runSuitesLocally(TestNG.java:1109)
	at org.testng.TestNG.runSuites(TestNG.java:1039)
	at org.testng.TestNG.run(TestNG.java:1007)
	at org.apache.maven.surefire.testng.TestNGExecutor.run(TestNGExecutor.java:77)
	at org.apache.maven.surefire.testng.TestNGDirectoryTestSuite.executeMulti(TestNGDirectoryTestSuite.java:159)
	at org.apache.maven.surefire.testng.TestNGDirectoryTestSuite.execute(TestNGDirectoryTestSuite.java:99)
	at org.apache.maven.surefire.testng.TestNGProvider.invoke(TestNGProvider.java:106)
	at java.base/jdk.internal.reflect.NativeMethodAccessorImpl.invoke0(Native Method)
	at java.base/jdk.internal.reflect.NativeMethodAccessorImpl.invoke(NativeMethodAccessorImpl.java:77)
	at java.base/jdk.internal.reflect.DelegatingMethodAccessorImpl.invoke(DelegatingMethodAccessorImpl.java:43)
	at java.base/java.lang.reflect.Method.invoke(Method.java:568)
	at org.apache.maven.surefire.util.ReflectionUtils.invokeMethodWithArray(ReflectionUtils.java:189)
	at org.apache.maven.surefire.booter.ProviderFactory$ProviderProxy.invoke(ProviderFactory.java:165)
	at org.apache.maven.surefire.booter.ProviderFactory.invokeProvider(ProviderFactory.java:85)
	at org.apache.maven.surefire.booter.ForkedBooter.runSuitesInProcess(ForkedBooter.java:115)
	at org.apache.maven.surefire.booter.ForkedBooter.main(ForkedBooter.java:75)
</failure>
    <system-out>=======================
Screenshot has been captured
=======================
</system-out>
  </testcase>
</testsuite>