<?xml version="1.0" encoding="UTF-8"?>
<testng-results ignored="0" total="2" passed="2" failed="0" skipped="0">
  <reporter-output>
  </reporter-output>
  <suite started-at="2022-01-06T23:32:04 MSK" name="CalcMultiTest" finished-at="2022-01-06T23:32:04 MSK" duration-ms="57">
    <groups>
    </groups>
    <test started-at="2022-01-06T23:32:04 MSK" name="Command line test" finished-at="2022-01-06T23:32:04 MSK" duration-ms="57">
      <class name="CalcMultiTest">
        <test-method is-config="true" signature="beforeSuite()[pri:0, instance:CalcMultiTest@710726a3]" started-at="2022-01-06T23:32:04 MSK" name="beforeSuite" finished-at="2022-01-06T23:32:04 MSK" duration-ms="13" status="PASS">
          <reporter-output>
          </reporter-output>
        </test-method> <!-- beforeSuite -->
        <test-method is-config="true" signature="beforeTest()[pri:0, instance:CalcMultiTest@710726a3]" started-at="2022-01-06T23:32:04 MSK" name="beforeTest" finished-at="2022-01-06T23:32:04 MSK" duration-ms="1" status="PASS">
          <reporter-output>
          </reporter-output>
        </test-method> <!-- beforeTest -->
        <test-method is-config="true" signature="beforeClass()[pri:0, instance:CalcMultiTest@710726a3]" started-at="2022-01-06T23:32:04 MSK" name="beforeClass" finished-at="2022-01-06T23:32:04 MSK" duration-ms="0" status="PASS">
          <reporter-output>
          </reporter-output>
        </test-method> <!-- beforeClass -->
        <test-method is-config="true" signature="beforeMethod()[pri:0, instance:CalcMultiTest@710726a3]" started-at="2022-01-06T23:32:04 MSK" name="beforeMethod" finished-at="2022-01-06T23:32:04 MSK" duration-ms="2" status="PASS">
          <reporter-output>
          </reporter-output>
        </test-method> <!-- beforeMethod -->
        <test-method signature="testMulti2()[pri:0, instance:CalcMultiTest@710726a3]" started-at="2022-01-06T23:32:04 MSK" name="testMulti2" finished-at="2022-01-06T23:32:04 MSK" duration-ms="1" status="PASS">
          <reporter-output>
          </reporter-output>
        </test-method> <!-- testMulti2 -->
        <test-method is-config="true" signature="afterMethod()[pri:0, instance:CalcMultiTest@710726a3]" started-at="2022-01-06T23:32:04 MSK" name="afterMethod" finished-at="2022-01-06T23:32:04 MSK" duration-ms="0" status="PASS">
          <reporter-output>
          </reporter-output>
        </test-method> <!-- afterMethod -->
        <test-method is-config="true" signature="beforeMethod()[pri:0, instance:CalcMultiTest@710726a3]" started-at="2022-01-06T23:32:04 MSK" name="beforeMethod" finished-at="2022-01-06T23:32:04 MSK" duration-ms="0" status="PASS">
          <reporter-output>
          </reporter-output>
        </test-method> <!-- beforeMethod -->
        <test-method signature="testMulti1()[pri:0, instance:CalcMultiTest@710726a3]" started-at="2022-01-06T23:32:04 MSK" name="testMulti1" finished-at="2022-01-06T23:32:04 MSK" depends-on-methods="CalcMultiTest.testMulti2" duration-ms="1" status="PASS">
          <reporter-output>
          </reporter-output>
        </test-method> <!-- testMulti1 -->
        <test-method is-config="true" signature="afterMethod()[pri:0, instance:CalcMultiTest@710726a3]" started-at="2022-01-06T23:32:04 MSK" name="afterMethod" finished-at="2022-01-06T23:32:04 MSK" duration-ms="0" status="PASS">
          <reporter-output>
          </reporter-output>
        </test-method> <!-- afterMethod -->
        <test-method is-config="true" signature="afterTest()[pri:0, instance:CalcMultiTest@710726a3]" started-at="2022-01-06T23:32:04 MSK" name="afterTest" finished-at="2022-01-06T23:32:04 MSK" duration-ms="0" status="PASS">
          <reporter-output>
          </reporter-output>
        </test-method> <!-- afterTest -->
        <test-method is-config="true" signature="afterClass()[pri:0, instance:CalcMultiTest@710726a3]" started-at="2022-01-06T23:32:04 MSK" name="afterClass" finished-at="2022-01-06T23:32:04 MSK" duration-ms="0" status="PASS">
          <reporter-output>
          </reporter-output>
        </test-method> <!-- afterClass -->
        <test-method is-config="true" signature="afterSuite()[pri:0, instance:CalcMultiTest@710726a3]" started-at="2022-01-06T23:32:04 MSK" name="afterSuite" finished-at="2022-01-06T23:32:04 MSK" duration-ms="0" status="PASS">
          <reporter-output>
          </reporter-output>
        </test-method> <!-- afterSuite -->
      </class> <!-- CalcMultiTest -->
    </test> <!-- Command line test -->
  </suite> <!-- CalcMultiTest -->
</testng-results>
